#
# There is insufficient memory for the Java Runtime Environment to continue.
# Native memory allocation (malloc) failed to allocate 32744 bytes for ChunkPool::allocate
# Possible reasons:
#   The system is out of physical RAM or swap space
#   The process is running with CompressedOops enabled, and the Java Heap may be blocking the growth of the native heap
# Possible solutions:
#   Reduce memory load on the system
#   Increase physical memory or swap space
#   Check if swap backing store is full
#   Decrease Java heap size (-Xmx/-Xms)
#   Decrease number of Java threads
#   Decrease Java thread stack sizes (-Xss)
#   Set larger code cache with -XX:ReservedCodeCacheSize=
#   JVM is running with Zero Based Compressed Oops mode in which the Java heap is
#     placed in the first 32GB address space. The Java Heap base address is the
#     maximum limit for the native heap growth. Please use -XX:HeapBaseMinAddress
#     to set the Java Heap base and to place the Java Heap above 32GB virtual address.
# This output file may be truncated or incomplete.
#
#  Out of Memory Error (./open/src/hotspot/share/memory/arena.cpp:81), pid=57460, tid=51912
#
# JRE version: Java(TM) SE Runtime Environment 18.9 (11.0.13+10) (build 11.0.13+10-LTS-370)
# Java VM: Java HotSpot(TM) 64-Bit Server VM 18.9 (11.0.13+10-LTS-370, mixed mode, tiered, compressed oops, g1 gc, windows-amd64)
# No core dump will be written. Minidumps are not enabled by default on client versions of Windows
#

---------------  S U M M A R Y ------------

Command Line: -Dfile.encoding=Cp1252 SwitchTo.ToCloseAllTheBrowsersInAlphabeticalOrder

Host: Intel(R) Core(TM) i3-1005G1 CPU @ 1.20GHz, 4 cores, 15G,  Windows 10 , 64 bit Build 19041 (10.0.19041.1566)
Time: Mon Mar 28 22:55:32 2022 India Standard Time elapsed time: 7.881108 seconds (0d 0h 0m 7s)

---------------  T H R E A D  ---------------

Current thread (0x0000024c7fad9000):  JavaThread "C1 CompilerThread0" daemon [_thread_in_native, id=51912, stack(0x00000084e2200000,0x00000084e2300000)]


Current CompileTask:
C1:   7881 1533       3       org.openqa.selenium.json.JsonInput::readString (129 bytes)

Stack: [0x00000084e2200000,0x00000084e2300000]
Native frames: (J=compiled Java code, j=interpreted, Vv=VM code, C=native code)
V  [jvm.dll+0x62870a]
V  [jvm.dll+0x761f2f]
V  [jvm.dll+0x7635d9]
V  [jvm.dll+0x763c63]
V  [jvm.dll+0x23d728]
V  [jvm.dll+0xb2b9b]
V  [jvm.dll+0xb2efc]
V  [jvm.dll+0x125eb6]
V  [jvm.dll+0x11c17a]
V  [jvm.dll+0x127dd3]
V  [jvm.dll+0x12b15c]
V  [jvm.dll+0x12abbd]
V  [jvm.dll+0x1224b7]
V  [jvm.dll+0x1247f9]
V  [jvm.dll+0x122bcc]
V  [jvm.dll+0x12b62b]
V  [jvm.dll+0x12abbd]
V  [jvm.dll+0x1224b7]
V  [jvm.dll+0x1247f9]
V  [jvm.dll+0x122cc4]
V  [jvm.dll+0x11ca4c]
V  [jvm.dll+0x12c90a]
V  [jvm.dll+0x117d99]
V  [jvm.dll+0x118100]
V  [jvm.dll+0x1183bf]
V  [jvm.dll+0x117667]
V  [jvm.dll+0x119537]
V  [jvm.dll+0x206d84]
V  [jvm.dll+0x204ebb]
V  [jvm.dll+0x727e70]
V  [jvm.dll+0x720a54]
V  [jvm.dll+0x627606]
C  [ucrtbase.dll+0x21bb2]
C  [KERNEL32.DLL+0x17034]
C  [ntdll.dll+0x52651]


---------------  P R O C E S S  ---------------

Threads class SMR info:
_java_thread_list=0x0000024c00f1c130, length=16, elements={
0x0000024c7fa06000, 0x0000024c7fa10000, 0x0000024c7fa77000, 0x0000024c7fa7a000,
0x0000024c7fa7d000, 0x0000024c7fa20000, 0x0000024c7fad9000, 0x0000024c7fadc000,
0x0000024c7fbfa000, 0x0000024c00e73800, 0x0000024c00e6a000, 0x0000024c00e68000,
0x0000024c00e56000, 0x0000024c00e8a000, 0x0000024c00e03800, 0x0000024c5d144800
}

Java Threads: ( => current thread )
  0x0000024c7fa06000 JavaThread "Reference Handler" daemon [_thread_blocked, id=47600, stack(0x00000084e1b00000,0x00000084e1c00000)]
  0x0000024c7fa10000 JavaThread "Finalizer" daemon [_thread_blocked, id=10720, stack(0x00000084e1c00000,0x00000084e1d00000)]
  0x0000024c7fa77000 JavaThread "Signal Dispatcher" daemon [_thread_blocked, id=59056, stack(0x00000084e1e00000,0x00000084e1f00000)]
  0x0000024c7fa7a000 JavaThread "Attach Listener" daemon [_thread_blocked, id=53852, stack(0x00000084e1f00000,0x00000084e2000000)]
  0x0000024c7fa7d000 JavaThread "Service Thread" daemon [_thread_blocked, id=57564, stack(0x00000084e2000000,0x00000084e2100000)]
  0x0000024c7fa20000 JavaThread "C2 CompilerThread0" daemon [_thread_blocked, id=58832, stack(0x00000084e2100000,0x00000084e2200000)]
=>0x0000024c7fad9000 JavaThread "C1 CompilerThread0" daemon [_thread_in_native, id=51912, stack(0x00000084e2200000,0x00000084e2300000)]
  0x0000024c7fadc000 JavaThread "Sweeper thread" daemon [_thread_blocked, id=54400, stack(0x00000084e2300000,0x00000084e2400000)]
  0x0000024c7fbfa000 JavaThread "Common-Cleaner" daemon [_thread_blocked, id=55144, stack(0x00000084e2500000,0x00000084e2600000)]
  0x0000024c00e73800 JavaThread "Exec Default Executor" daemon [_thread_in_native, id=59360, stack(0x00000084e2900000,0x00000084e2a00000)]
  0x0000024c00e6a000 JavaThread "UrlChecker-2" daemon [_thread_blocked, id=47492, stack(0x00000084e2a00000,0x00000084e2b00000)]
  0x0000024c00e68000 JavaThread "Exec Stream Pumper" daemon [_thread_in_native, id=59376, stack(0x00000084e2b00000,0x00000084e2c00000)]
  0x0000024c00e56000 JavaThread "Exec Stream Pumper" daemon [_thread_in_native, id=59372, stack(0x00000084e2c00000,0x00000084e2d00000)]
  0x0000024c00e8a000 JavaThread "OkHttp ConnectionPool" daemon [_thread_blocked, id=58440, stack(0x00000084e2f00000,0x00000084e3000000)]
  0x0000024c00e03800 JavaThread "Okio Watchdog" daemon [_thread_blocked, id=40788, stack(0x00000084e3000000,0x00000084e3100000)]
  0x0000024c5d144800 JavaThread "DestroyJavaVM" [_thread_blocked, id=40640, stack(0x00000084e1400000,0x00000084e1500000)]

Other Threads:
  0x0000024c7f9dd800 VMThread "VM Thread" [stack: 0x00000084e1a00000,0x00000084e1b00000] [id=45784]
  0x0000024c7fbf9000 WatcherThread [stack: 0x00000084e2400000,0x00000084e2500000] [id=44700]
  0x0000024c5d158800 GCTaskThread "GC Thread#0" [stack: 0x00000084e1500000,0x00000084e1600000] [id=58736]
  0x0000024c00ad8000 GCTaskThread "GC Thread#1" [stack: 0x00000084e2600000,0x00000084e2700000] [id=49440]
  0x0000024c00e2a000 GCTaskThread "GC Thread#2" [stack: 0x00000084e2700000,0x00000084e2800000] [id=59004]
  0x0000024c00e10800 GCTaskThread "GC Thread#3" [stack: 0x00000084e2800000,0x00000084e2900000] [id=42280]
  0x0000024c5d1b5000 ConcurrentGCThread "G1 Main Marker" [stack: 0x00000084e1600000,0x00000084e1700000] [id=12740]
  0x0000024c5d1b7000 ConcurrentGCThread "G1 Conc#0" [stack: 0x00000084e1700000,0x00000084e1800000] [id=48052]
  0x0000024c5d22e000 ConcurrentGCThread "G1 Refine#0" [stack: 0x00000084e1800000,0x00000084e1900000] [id=54104]
  0x0000024c7f847800 ConcurrentGCThread "G1 Young RemSet Sampling" [stack: 0x00000084e1900000,0x00000084e1a00000] [id=58816]

Threads with active compile tasks:
C1 CompilerThread0   7928 1533       3       org.openqa.selenium.json.JsonInput::readString (129 bytes)

VM state:not at safepoint (normal execution)

VM Mutex/Monitor currently owned by a thread: None

Heap address: 0x0000000704c00000, size: 4020 MB, Compressed Oops mode: Zero based, Oop shift amount: 3
Narrow klass base: 0x0000000800000000, Narrow klass shift: 0
Compressed class space size: 1073741824 Address: 0x0000000800000000

Heap:
 garbage-first heap   total 258048K, used 9398K [0x0000000704c00000, 0x0000000800000000)
  region size 1024K, 7 young (7168K), 2 survivors (2048K)
 Metaspace       used 17928K, capacity 18469K, committed 18560K, reserved 1064960K
  class space    used 1943K, capacity 2156K, committed 2176K, reserved 1048576K
Heap Regions: E=young(eden), S=young(survivor), O=old, HS=humongous(starts), HC=humongous(continues), CS=collection set, F=free, A=archive, TAMS=top-at-mark-start (previous, next)
|   0|0x0000000704c00000, 0x0000000704d00000, 0x0000000704d00000|100%|HS|  |TAMS 0x0000000704c00000, 0x0000000704c00000| Complete 
|   1|0x0000000704d00000, 0x0000000704e00000, 0x0000000704e00000|100%| O|  |TAMS 0x0000000704d00000, 0x0000000704d00000| Untracked 
|   2|0x0000000704e00000, 0x0000000704f00000, 0x0000000704f00000|100%| O|  |TAMS 0x0000000704e00000, 0x0000000704e00000| Untracked 
|   3|0x0000000704f00000, 0x0000000704ffa800, 0x0000000705000000| 97%| O|  |TAMS 0x0000000704f00000, 0x0000000704f00000| Untracked 
|   4|0x0000000705000000, 0x0000000705000000, 0x0000000705100000|  0%| F|  |TAMS 0x0000000705000000, 0x0000000705000000| Untracked 
|   5|0x0000000705100000, 0x0000000705100000, 0x0000000705200000|  0%| F|  |TAMS 0x0000000705100000, 0x0000000705100000| Untracked 
|   6|0x0000000705200000, 0x0000000705200000, 0x0000000705300000|  0%| F|  |TAMS 0x0000000705200000, 0x0000000705200000| Untracked 
|   7|0x0000000705300000, 0x0000000705300000, 0x0000000705400000|  0%| F|  |TAMS 0x0000000705300000, 0x0000000705300000| Untracked 
|   8|0x0000000705400000, 0x0000000705400000, 0x0000000705500000|  0%| F|  |TAMS 0x0000000705400000, 0x0000000705400000| Untracked 
|   9|0x0000000705500000, 0x0000000705500000, 0x0000000705600000|  0%| F|  |TAMS 0x0000000705500000, 0x0000000705500000| Untracked 
|  10|0x0000000705600000, 0x0000000705600000, 0x0000000705700000|  0%| F|  |TAMS 0x0000000705600000, 0x0000000705600000| Untracked 
|  11|0x0000000705700000, 0x0000000705700000, 0x0000000705800000|  0%| F|  |TAMS 0x0000000705700000, 0x0000000705700000| Untracked 
|  12|0x0000000705800000, 0x0000000705800000, 0x0000000705900000|  0%| F|  |TAMS 0x0000000705800000, 0x0000000705800000| Untracked 
|  13|0x0000000705900000, 0x0000000705900000, 0x0000000705a00000|  0%| F|  |TAMS 0x0000000705900000, 0x0000000705900000| Untracked 
|  14|0x0000000705a00000, 0x0000000705a00000, 0x0000000705b00000|  0%| F|  |TAMS 0x0000000705a00000, 0x0000000705a00000| Untracked 
|  15|0x0000000705b00000, 0x0000000705b00000, 0x0000000705c00000|  0%| F|  |TAMS 0x0000000705b00000, 0x0000000705b00000| Untracked 
|  16|0x0000000705c00000, 0x0000000705c00000, 0x0000000705d00000|  0%| F|  |TAMS 0x0000000705c00000, 0x0000000705c00000| Untracked 
|  17|0x0000000705d00000, 0x0000000705d00000, 0x0000000705e00000|  0%| F|  |TAMS 0x0000000705d00000, 0x0000000705d00000| Untracked 
|  18|0x0000000705e00000, 0x0000000705e00000, 0x0000000705f00000|  0%| F|  |TAMS 0x0000000705e00000, 0x0000000705e00000| Untracked 
|  19|0x0000000705f00000, 0x0000000705f00000, 0x0000000706000000|  0%| F|  |TAMS 0x0000000705f00000, 0x0000000705f00000| Untracked 
|  20|0x0000000706000000, 0x0000000706000000, 0x0000000706100000|  0%| F|  |TAMS 0x0000000706000000, 0x0000000706000000| Untracked 
|  21|0x0000000706100000, 0x0000000706100000, 0x0000000706200000|  0%| F|  |TAMS 0x0000000706100000, 0x0000000706100000| Untracked 
|  22|0x0000000706200000, 0x0000000706200000, 0x0000000706300000|  0%| F|  |TAMS 0x0000000706200000, 0x0000000706200000| Untracked 
|  23|0x0000000706300000, 0x0000000706300000, 0x0000000706400000|  0%| F|  |TAMS 0x0000000706300000, 0x0000000706300000| Untracked 
|  24|0x0000000706400000, 0x0000000706400000, 0x0000000706500000|  0%| F|  |TAMS 0x0000000706400000, 0x0000000706400000| Untracked 
|  25|0x0000000706500000, 0x0000000706500000, 0x0000000706600000|  0%| F|  |TAMS 0x0000000706500000, 0x0000000706500000| Untracked 
|  26|0x0000000706600000, 0x0000000706600000, 0x0000000706700000|  0%| F|  |TAMS 0x0000000706600000, 0x0000000706600000| Untracked 
|  27|0x0000000706700000, 0x0000000706700000, 0x0000000706800000|  0%| F|  |TAMS 0x0000000706700000, 0x0000000706700000| Untracked 
|  28|0x0000000706800000, 0x0000000706800000, 0x0000000706900000|  0%| F|  |TAMS 0x0000000706800000, 0x0000000706800000| Untracked 
|  29|0x0000000706900000, 0x0000000706900000, 0x0000000706a00000|  0%| F|  |TAMS 0x0000000706900000, 0x0000000706900000| Untracked 
|  30|0x0000000706a00000, 0x0000000706a00000, 0x0000000706b00000|  0%| F|  |TAMS 0x0000000706a00000, 0x0000000706a00000| Untracked 
|  31|0x0000000706b00000, 0x0000000706b00000, 0x0000000706c00000|  0%| F|  |TAMS 0x0000000706b00000, 0x0000000706b00000| Untracked 
|  32|0x0000000706c00000, 0x0000000706c00000, 0x0000000706d00000|  0%| F|  |TAMS 0x0000000706c00000, 0x0000000706c00000| Untracked 
|  33|0x0000000706d00000, 0x0000000706d00000, 0x0000000706e00000|  0%| F|  |TAMS 0x0000000706d00000, 0x0000000706d00000| Untracked 
|  34|0x0000000706e00000, 0x0000000706e00000, 0x0000000706f00000|  0%| F|  |TAMS 0x0000000706e00000, 0x0000000706e00000| Untracked 
|  35|0x0000000706f00000, 0x0000000706f00000, 0x0000000707000000|  0%| F|  |TAMS 0x0000000706f00000, 0x0000000706f00000| Untracked 
|  36|0x0000000707000000, 0x0000000707000000, 0x0000000707100000|  0%| F|  |TAMS 0x0000000707000000, 0x0000000707000000| Untracked 
|  37|0x0000000707100000, 0x0000000707100000, 0x0000000707200000|  0%| F|  |TAMS 0x0000000707100000, 0x0000000707100000| Untracked 
|  38|0x0000000707200000, 0x0000000707200000, 0x0000000707300000|  0%| F|  |TAMS 0x0000000707200000, 0x0000000707200000| Untracked 
|  39|0x0000000707300000, 0x0000000707300000, 0x0000000707400000|  0%| F|  |TAMS 0x0000000707300000, 0x0000000707300000| Untracked 
|  40|0x0000000707400000, 0x0000000707400000, 0x0000000707500000|  0%| F|  |TAMS 0x0000000707400000, 0x0000000707400000| Untracked 
|  41|0x0000000707500000, 0x0000000707500000, 0x0000000707600000|  0%| F|  |TAMS 0x0000000707500000, 0x0000000707500000| Untracked 
|  42|0x0000000707600000, 0x0000000707600000, 0x0000000707700000|  0%| F|  |TAMS 0x0000000707600000, 0x0000000707600000| Untracked 
|  43|0x0000000707700000, 0x0000000707700000, 0x0000000707800000|  0%| F|  |TAMS 0x0000000707700000, 0x0000000707700000| Untracked 
|  44|0x0000000707800000, 0x0000000707800000, 0x0000000707900000|  0%| F|  |TAMS 0x0000000707800000, 0x0000000707800000| Untracked 
|  45|0x0000000707900000, 0x0000000707900000, 0x0000000707a00000|  0%| F|  |TAMS 0x0000000707900000, 0x0000000707900000| Untracked 
|  46|0x0000000707a00000, 0x0000000707a00000, 0x0000000707b00000|  0%| F|  |TAMS 0x0000000707a00000, 0x0000000707a00000| Untracked 
|  47|0x0000000707b00000, 0x0000000707b00000, 0x0000000707c00000|  0%| F|  |TAMS 0x0000000707b00000, 0x0000000707b00000| Untracked 
|  48|0x0000000707c00000, 0x0000000707c00000, 0x0000000707d00000|  0%| F|  |TAMS 0x0000000707c00000, 0x0000000707c00000| Untracked 
|  49|0x0000000707d00000, 0x0000000707d00000, 0x0000000707e00000|  0%| F|  |TAMS 0x0000000707d00000, 0x0000000707d00000| Untracked 
|  50|0x0000000707e00000, 0x0000000707e00000, 0x0000000707f00000|  0%| F|  |TAMS 0x0000000707e00000, 0x0000000707e00000| Untracked 
|  51|0x0000000707f00000, 0x0000000707f00000, 0x0000000708000000|  0%| F|  |TAMS 0x0000000707f00000, 0x0000000707f00000| Untracked 
|  52|0x0000000708000000, 0x0000000708000000, 0x0000000708100000|  0%| F|  |TAMS 0x0000000708000000, 0x0000000708000000| Untracked 
|  53|0x0000000708100000, 0x0000000708100000, 0x0000000708200000|  0%| F|  |TAMS 0x0000000708100000, 0x0000000708100000| Untracked 
|  54|0x0000000708200000, 0x0000000708200000, 0x0000000708300000|  0%| F|  |TAMS 0x0000000708200000, 0x0000000708200000| Untracked 
|  55|0x0000000708300000, 0x0000000708300000, 0x0000000708400000|  0%| F|  |TAMS 0x0000000708300000, 0x0000000708300000| Untracked 
|  56|0x0000000708400000, 0x0000000708400000, 0x0000000708500000|  0%| F|  |TAMS 0x0000000708400000, 0x0000000708400000| Untracked 
|  57|0x0000000708500000, 0x0000000708500000, 0x0000000708600000|  0%| F|  |TAMS 0x0000000708500000, 0x0000000708500000| Untracked 
|  58|0x0000000708600000, 0x0000000708600000, 0x0000000708700000|  0%| F|  |TAMS 0x0000000708600000, 0x0000000708600000| Untracked 
|  59|0x0000000708700000, 0x0000000708700000, 0x0000000708800000|  0%| F|  |TAMS 0x0000000708700000, 0x0000000708700000| Untracked 
|  60|0x0000000708800000, 0x0000000708800000, 0x0000000708900000|  0%| F|  |TAMS 0x0000000708800000, 0x0000000708800000| Untracked 
|  61|0x0000000708900000, 0x0000000708900000, 0x0000000708a00000|  0%| F|  |TAMS 0x0000000708900000, 0x0000000708900000| Untracked 
|  62|0x0000000708a00000, 0x0000000708a00000, 0x0000000708b00000|  0%| F|  |TAMS 0x0000000708a00000, 0x0000000708a00000| Untracked 
|  63|0x0000000708b00000, 0x0000000708b00000, 0x0000000708c00000|  0%| F|  |TAMS 0x0000000708b00000, 0x0000000708b00000| Untracked 
|  64|0x0000000708c00000, 0x0000000708c00000, 0x0000000708d00000|  0%| F|  |TAMS 0x0000000708c00000, 0x0000000708c00000| Untracked 
|  65|0x0000000708d00000, 0x0000000708d00000, 0x0000000708e00000|  0%| F|  |TAMS 0x0000000708d00000, 0x0000000708d00000| Untracked 
|  66|0x0000000708e00000, 0x0000000708e00000, 0x0000000708f00000|  0%| F|  |TAMS 0x0000000708e00000, 0x0000000708e00000| Untracked 
|  67|0x0000000708f00000, 0x0000000708f00000, 0x0000000709000000|  0%| F|  |TAMS 0x0000000708f00000, 0x0000000708f00000| Untracked 
|  68|0x0000000709000000, 0x0000000709000000, 0x0000000709100000|  0%| F|  |TAMS 0x0000000709000000, 0x0000000709000000| Untracked 
|  69|0x0000000709100000, 0x0000000709100000, 0x0000000709200000|  0%| F|  |TAMS 0x0000000709100000, 0x0000000709100000| Untracked 
|  70|0x0000000709200000, 0x0000000709200000, 0x0000000709300000|  0%| F|  |TAMS 0x0000000709200000, 0x0000000709200000| Untracked 
|  71|0x0000000709300000, 0x0000000709300000, 0x0000000709400000|  0%| F|  |TAMS 0x0000000709300000, 0x0000000709300000| Untracked 
|  72|0x0000000709400000, 0x0000000709400000, 0x0000000709500000|  0%| F|  |TAMS 0x0000000709400000, 0x0000000709400000| Untracked 
|  73|0x0000000709500000, 0x0000000709500000, 0x0000000709600000|  0%| F|  |TAMS 0x0000000709500000, 0x0000000709500000| Untracked 
|  74|0x0000000709600000, 0x0000000709600000, 0x0000000709700000|  0%| F|  |TAMS 0x0000000709600000, 0x0000000709600000| Untracked 
|  75|0x0000000709700000, 0x0000000709700000, 0x0000000709800000|  0%| F|  |TAMS 0x0000000709700000, 0x0000000709700000| Untracked 
|  76|0x0000000709800000, 0x0000000709800000, 0x0000000709900000|  0%| F|  |TAMS 0x0000000709800000, 0x0000000709800000| Untracked 
|  77|0x0000000709900000, 0x0000000709900000, 0x0000000709a00000|  0%| F|  |TAMS 0x0000000709900000, 0x0000000709900000| Untracked 
|  78|0x0000000709a00000, 0x0000000709a00000, 0x0000000709b00000|  0%| F|  |TAMS 0x0000000709a00000, 0x0000000709a00000| Untracked 
|  79|0x0000000709b00000, 0x0000000709b00000, 0x0000000709c00000|  0%| F|  |TAMS 0x0000000709b00000, 0x0000000709b00000| Untracked 
|  80|0x0000000709c00000, 0x0000000709c00000, 0x0000000709d00000|  0%| F|  |TAMS 0x0000000709c00000, 0x0000000709c00000| Untracked 
|  81|0x0000000709d00000, 0x0000000709d00000, 0x0000000709e00000|  0%| F|  |TAMS 0x0000000709d00000, 0x0000000709d00000| Untracked 
|  82|0x0000000709e00000, 0x0000000709e00000, 0x0000000709f00000|  0%| F|  |TAMS 0x0000000709e00000, 0x0000000709e00000| Untracked 
|  83|0x0000000709f00000, 0x0000000709f00000, 0x000000070a000000|  0%| F|  |TAMS 0x0000000709f00000, 0x0000000709f00000| Untracked 
|  84|0x000000070a000000, 0x000000070a000000, 0x000000070a100000|  0%| F|  |TAMS 0x000000070a000000, 0x000000070a000000| Untracked 
|  85|0x000000070a100000, 0x000000070a100000, 0x000000070a200000|  0%| F|  |TAMS 0x000000070a100000, 0x000000070a100000| Untracked 
|  86|0x000000070a200000, 0x000000070a200000, 0x000000070a300000|  0%| F|  |TAMS 0x000000070a200000, 0x000000070a200000| Untracked 
|  87|0x000000070a300000, 0x000000070a300000, 0x000000070a400000|  0%| F|  |TAMS 0x000000070a300000, 0x000000070a300000| Untracked 
|  88|0x000000070a400000, 0x000000070a400000, 0x000000070a500000|  0%| F|  |TAMS 0x000000070a400000, 0x000000070a400000| Untracked 
|  89|0x000000070a500000, 0x000000070a500000, 0x000000070a600000|  0%| F|  |TAMS 0x000000070a500000, 0x000000070a500000| Untracked 
|  90|0x000000070a600000, 0x000000070a600000, 0x000000070a700000|  0%| F|  |TAMS 0x000000070a600000, 0x000000070a600000| Untracked 
|  91|0x000000070a700000, 0x000000070a700000, 0x000000070a800000|  0%| F|  |TAMS 0x000000070a700000, 0x000000070a700000| Untracked 
|  92|0x000000070a800000, 0x000000070a800000, 0x000000070a900000|  0%| F|  |TAMS 0x000000070a800000, 0x000000070a800000| Untracked 
|  93|0x000000070a900000, 0x000000070a900000, 0x000000070aa00000|  0%| F|  |TAMS 0x000000070a900000, 0x000000070a900000| Untracked 
|  94|0x000000070aa00000, 0x000000070aa00000, 0x000000070ab00000|  0%| F|  |TAMS 0x000000070aa00000, 0x000000070aa00000| Untracked 
|  95|0x000000070ab00000, 0x000000070ab00000, 0x000000070ac00000|  0%| F|  |TAMS 0x000000070ab00000, 0x000000070ab00000| Untracked 
|  96|0x000000070ac00000, 0x000000070ac00000, 0x000000070ad00000|  0%| F|  |TAMS 0x000000070ac00000, 0x000000070ac00000| Untracked 
|  97|0x000000070ad00000, 0x000000070ad00000, 0x000000070ae00000|  0%| F|  |TAMS 0x000000070ad00000, 0x000000070ad00000| Untracked 
|  98|0x000000070ae00000, 0x000000070ae00000, 0x000000070af00000|  0%| F|  |TAMS 0x000000070ae00000, 0x000000070ae00000| Untracked 
|  99|0x000000070af00000, 0x000000070af00000, 0x000000070b000000|  0%| F|  |TAMS 0x000000070af00000, 0x000000070af00000| Untracked 
| 100|0x000000070b000000, 0x000000070b000000, 0x000000070b100000|  0%| F|  |TAMS 0x000000070b000000, 0x000000070b000000| Untracked 
| 101|0x000000070b100000, 0x000000070b100000, 0x000000070b200000|  0%| F|  |TAMS 0x000000070b100000, 0x000000070b100000| Untracked 
| 102|0x000000070b200000, 0x000000070b200000, 0x000000070b300000|  0%| F|  |TAMS 0x000000070b200000, 0x000000070b200000| Untracked 
| 103|0x000000070b300000, 0x000000070b300000, 0x000000070b400000|  0%| F|  |TAMS 0x000000070b300000, 0x000000070b300000| Untracked 
| 104|0x000000070b400000, 0x000000070b400000, 0x000000070b500000|  0%| F|  |TAMS 0x000000070b400000, 0x000000070b400000| Untracked 
| 105|0x000000070b500000, 0x000000070b500000, 0x000000070b600000|  0%| F|  |TAMS 0x000000070b500000, 0x000000070b500000| Untracked 
| 106|0x000000070b600000, 0x000000070b600000, 0x000000070b700000|  0%| F|  |TAMS 0x000000070b600000, 0x000000070b600000| Untracked 
| 107|0x000000070b700000, 0x000000070b700000, 0x000000070b800000|  0%| F|  |TAMS 0x000000070b700000, 0x000000070b700000| Untracked 
| 108|0x000000070b800000, 0x000000070b800000, 0x000000070b900000|  0%| F|  |TAMS 0x000000070b800000, 0x000000070b800000| Untracked 
| 109|0x000000070b900000, 0x000000070b900000, 0x000000070ba00000|  0%| F|  |TAMS 0x000000070b900000, 0x000000070b900000| Untracked 
| 110|0x000000070ba00000, 0x000000070ba00000, 0x000000070bb00000|  0%| F|  |TAMS 0x000000070ba00000, 0x000000070ba00000| Untracked 
| 111|0x000000070bb00000, 0x000000070bb00000, 0x000000070bc00000|  0%| F|  |TAMS 0x000000070bb00000, 0x000000070bb00000| Untracked 
| 112|0x000000070bc00000, 0x000000070bc00000, 0x000000070bd00000|  0%| F|  |TAMS 0x000000070bc00000, 0x000000070bc00000| Untracked 
| 113|0x000000070bd00000, 0x000000070bd00000, 0x000000070be00000|  0%| F|  |TAMS 0x000000070bd00000, 0x000000070bd00000| Untracked 
| 114|0x000000070be00000, 0x000000070be00000, 0x000000070bf00000|  0%| F|  |TAMS 0x000000070be00000, 0x000000070be00000| Untracked 
| 115|0x000000070bf00000, 0x000000070bf00000, 0x000000070c000000|  0%| F|  |TAMS 0x000000070bf00000, 0x000000070bf00000| Untracked 
| 116|0x000000070c000000, 0x000000070c000000, 0x000000070c100000|  0%| F|  |TAMS 0x000000070c000000, 0x000000070c000000| Untracked 
| 117|0x000000070c100000, 0x000000070c100000, 0x000000070c200000|  0%| F|  |TAMS 0x000000070c100000, 0x000000070c100000| Untracked 
| 118|0x000000070c200000, 0x000000070c200000, 0x000000070c300000|  0%| F|  |TAMS 0x000000070c200000, 0x000000070c200000| Untracked 
| 119|0x000000070c300000, 0x000000070c300000, 0x000000070c400000|  0%| F|  |TAMS 0x000000070c300000, 0x000000070c300000| Untracked 
| 120|0x000000070c400000, 0x000000070c400000, 0x000000070c500000|  0%| F|  |TAMS 0x000000070c400000, 0x000000070c400000| Untracked 
| 121|0x000000070c500000, 0x000000070c500000, 0x000000070c600000|  0%| F|  |TAMS 0x000000070c500000, 0x000000070c500000| Untracked 
| 122|0x000000070c600000, 0x000000070c600000, 0x000000070c700000|  0%| F|  |TAMS 0x000000070c600000, 0x000000070c600000| Untracked 
| 123|0x000000070c700000, 0x000000070c700000, 0x000000070c800000|  0%| F|  |TAMS 0x000000070c700000, 0x000000070c700000| Untracked 
| 124|0x000000070c800000, 0x000000070c800000, 0x000000070c900000|  0%| F|  |TAMS 0x000000070c800000, 0x000000070c800000| Untracked 
| 125|0x000000070c900000, 0x000000070c900000, 0x000000070ca00000|  0%| F|  |TAMS 0x000000070c900000, 0x000000070c900000| Untracked 
| 126|0x000000070ca00000, 0x000000070ca00000, 0x000000070cb00000|  0%| F|  |TAMS 0x000000070ca00000, 0x000000070ca00000| Untracked 
| 127|0x000000070cb00000, 0x000000070cb00000, 0x000000070cc00000|  0%| F|  |TAMS 0x000000070cb00000, 0x000000070cb00000| Untracked 
| 128|0x000000070cc00000, 0x000000070cc00000, 0x000000070cd00000|  0%| F|  |TAMS 0x000000070cc00000, 0x000000070cc00000| Untracked 
| 129|0x000000070cd00000, 0x000000070cd00000, 0x000000070ce00000|  0%| F|  |TAMS 0x000000070cd00000, 0x000000070cd00000| Untracked 
| 130|0x000000070ce00000, 0x000000070ce00000, 0x000000070cf00000|  0%| F|  |TAMS 0x000000070ce00000, 0x000000070ce00000| Untracked 
| 131|0x000000070cf00000, 0x000000070cf00000, 0x000000070d000000|  0%| F|  |TAMS 0x000000070cf00000, 0x000000070cf00000| Untracked 
| 132|0x000000070d000000, 0x000000070d000000, 0x000000070d100000|  0%| F|  |TAMS 0x000000070d000000, 0x000000070d000000| Untracked 
| 133|0x000000070d100000, 0x000000070d100000, 0x000000070d200000|  0%| F|  |TAMS 0x000000070d100000, 0x000000070d100000| Untracked 
| 134|0x000000070d200000, 0x000000070d200000, 0x000000070d300000|  0%| F|  |TAMS 0x000000070d200000, 0x000000070d200000| Untracked 
| 135|0x000000070d300000, 0x000000070d300000, 0x000000070d400000|  0%| F|  |TAMS 0x000000070d300000, 0x000000070d300000| Untracked 
| 136|0x000000070d400000, 0x000000070d400000, 0x000000070d500000|  0%| F|  |TAMS 0x000000070d400000, 0x000000070d400000| Untracked 
| 137|0x000000070d500000, 0x000000070d500000, 0x000000070d600000|  0%| F|  |TAMS 0x000000070d500000, 0x000000070d500000| Untracked 
| 138|0x000000070d600000, 0x000000070d600000, 0x000000070d700000|  0%| F|  |TAMS 0x000000070d600000, 0x000000070d600000| Untracked 
| 139|0x000000070d700000, 0x000000070d700000, 0x000000070d800000|  0%| F|  |TAMS 0x000000070d700000, 0x000000070d700000| Untracked 
| 140|0x000000070d800000, 0x000000070d800000, 0x000000070d900000|  0%| F|  |TAMS 0x000000070d800000, 0x000000070d800000| Untracked 
| 141|0x000000070d900000, 0x000000070d900000, 0x000000070da00000|  0%| F|  |TAMS 0x000000070d900000, 0x000000070d900000| Untracked 
| 142|0x000000070da00000, 0x000000070da00000, 0x000000070db00000|  0%| F|  |TAMS 0x000000070da00000, 0x000000070da00000| Untracked 
| 143|0x000000070db00000, 0x000000070db00000, 0x000000070dc00000|  0%| F|  |TAMS 0x000000070db00000, 0x000000070db00000| Untracked 
| 144|0x000000070dc00000, 0x000000070dc00000, 0x000000070dd00000|  0%| F|  |TAMS 0x000000070dc00000, 0x000000070dc00000| Untracked 
| 145|0x000000070dd00000, 0x000000070dd00000, 0x000000070de00000|  0%| F|  |TAMS 0x000000070dd00000, 0x000000070dd00000| Untracked 
| 146|0x000000070de00000, 0x000000070de00000, 0x000000070df00000|  0%| F|  |TAMS 0x000000070de00000, 0x000000070de00000| Untracked 
| 147|0x000000070df00000, 0x000000070df00000, 0x000000070e000000|  0%| F|  |TAMS 0x000000070df00000, 0x000000070df00000| Untracked 
| 148|0x000000070e000000, 0x000000070e000000, 0x000000070e100000|  0%| F|  |TAMS 0x000000070e000000, 0x000000070e000000| Untracked 
| 149|0x000000070e100000, 0x000000070e100000, 0x000000070e200000|  0%| F|  |TAMS 0x000000070e100000, 0x000000070e100000| Untracked 
| 150|0x000000070e200000, 0x000000070e200000, 0x000000070e300000|  0%| F|  |TAMS 0x000000070e200000, 0x000000070e200000| Untracked 
| 151|0x000000070e300000, 0x000000070e300000, 0x000000070e400000|  0%| F|  |TAMS 0x000000070e300000, 0x000000070e300000| Untracked 
| 152|0x000000070e400000, 0x000000070e400000, 0x000000070e500000|  0%| F|  |TAMS 0x000000070e400000, 0x000000070e400000| Untracked 
| 153|0x000000070e500000, 0x000000070e500000, 0x000000070e600000|  0%| F|  |TAMS 0x000000070e500000, 0x000000070e500000| Untracked 
| 154|0x000000070e600000, 0x000000070e600000, 0x000000070e700000|  0%| F|  |TAMS 0x000000070e600000, 0x000000070e600000| Untracked 
| 155|0x000000070e700000, 0x000000070e700000, 0x000000070e800000|  0%| F|  |TAMS 0x000000070e700000, 0x000000070e700000| Untracked 
| 156|0x000000070e800000, 0x000000070e800000, 0x000000070e900000|  0%| F|  |TAMS 0x000000070e800000, 0x000000070e800000| Untracked 
| 157|0x000000070e900000, 0x000000070e900000, 0x000000070ea00000|  0%| F|  |TAMS 0x000000070e900000, 0x000000070e900000| Untracked 
| 158|0x000000070ea00000, 0x000000070ea00000, 0x000000070eb00000|  0%| F|  |TAMS 0x000000070ea00000, 0x000000070ea00000| Untracked 
| 159|0x000000070eb00000, 0x000000070eb00000, 0x000000070ec00000|  0%| F|  |TAMS 0x000000070eb00000, 0x000000070eb00000| Untracked 
| 160|0x000000070ec00000, 0x000000070ec00000, 0x000000070ed00000|  0%| F|  |TAMS 0x000000070ec00000, 0x000000070ec00000| Untracked 
| 161|0x000000070ed00000, 0x000000070ed00000, 0x000000070ee00000|  0%| F|  |TAMS 0x000000070ed00000, 0x000000070ed00000| Untracked 
| 162|0x000000070ee00000, 0x000000070ee00000, 0x000000070ef00000|  0%| F|  |TAMS 0x000000070ee00000, 0x000000070ee00000| Untracked 
| 163|0x000000070ef00000, 0x000000070ef00000, 0x000000070f000000|  0%| F|  |TAMS 0x000000070ef00000, 0x000000070ef00000| Untracked 
| 164|0x000000070f000000, 0x000000070f000000, 0x000000070f100000|  0%| F|  |TAMS 0x000000070f000000, 0x000000070f000000| Untracked 
| 165|0x000000070f100000, 0x000000070f100000, 0x000000070f200000|  0%| F|  |TAMS 0x000000070f100000, 0x000000070f100000| Untracked 
| 166|0x000000070f200000, 0x000000070f200000, 0x000000070f300000|  0%| F|  |TAMS 0x000000070f200000, 0x000000070f200000| Untracked 
| 167|0x000000070f300000, 0x000000070f300000, 0x000000070f400000|  0%| F|  |TAMS 0x000000070f300000, 0x000000070f300000| Untracked 
| 168|0x000000070f400000, 0x000000070f400000, 0x000000070f500000|  0%| F|  |TAMS 0x000000070f400000, 0x000000070f400000| Untracked 
| 169|0x000000070f500000, 0x000000070f500000, 0x000000070f600000|  0%| F|  |TAMS 0x000000070f500000, 0x000000070f500000| Untracked 
| 170|0x000000070f600000, 0x000000070f600000, 0x000000070f700000|  0%| F|  |TAMS 0x000000070f600000, 0x000000070f600000| Untracked 
| 171|0x000000070f700000, 0x000000070f700000, 0x000000070f800000|  0%| F|  |TAMS 0x000000070f700000, 0x000000070f700000| Untracked 
| 172|0x000000070f800000, 0x000000070f800000, 0x000000070f900000|  0%| F|  |TAMS 0x000000070f800000, 0x000000070f800000| Untracked 
| 173|0x000000070f900000, 0x000000070f900000, 0x000000070fa00000|  0%| F|  |TAMS 0x000000070f900000, 0x000000070f900000| Untracked 
| 174|0x000000070fa00000, 0x000000070fa00000, 0x000000070fb00000|  0%| F|  |TAMS 0x000000070fa00000, 0x000000070fa00000| Untracked 
| 175|0x000000070fb00000, 0x000000070fb00000, 0x000000070fc00000|  0%| F|  |TAMS 0x000000070fb00000, 0x000000070fb00000| Untracked 
| 176|0x000000070fc00000, 0x000000070fc00000, 0x000000070fd00000|  0%| F|  |TAMS 0x000000070fc00000, 0x000000070fc00000| Untracked 
| 177|0x000000070fd00000, 0x000000070fd00000, 0x000000070fe00000|  0%| F|  |TAMS 0x000000070fd00000, 0x000000070fd00000| Untracked 
| 178|0x000000070fe00000, 0x000000070fe00000, 0x000000070ff00000|  0%| F|  |TAMS 0x000000070fe00000, 0x000000070fe00000| Untracked 
| 179|0x000000070ff00000, 0x000000070ff00000, 0x0000000710000000|  0%| F|  |TAMS 0x000000070ff00000, 0x000000070ff00000| Untracked 
| 180|0x0000000710000000, 0x0000000710000000, 0x0000000710100000|  0%| F|  |TAMS 0x0000000710000000, 0x0000000710000000| Untracked 
| 181|0x0000000710100000, 0x0000000710100000, 0x0000000710200000|  0%| F|  |TAMS 0x0000000710100000, 0x0000000710100000| Untracked 
| 182|0x0000000710200000, 0x0000000710200000, 0x0000000710300000|  0%| F|  |TAMS 0x0000000710200000, 0x0000000710200000| Untracked 
| 183|0x0000000710300000, 0x0000000710300000, 0x0000000710400000|  0%| F|  |TAMS 0x0000000710300000, 0x0000000710300000| Untracked 
| 184|0x0000000710400000, 0x0000000710400000, 0x0000000710500000|  0%| F|  |TAMS 0x0000000710400000, 0x0000000710400000| Untracked 
| 185|0x0000000710500000, 0x0000000710500000, 0x0000000710600000|  0%| F|  |TAMS 0x0000000710500000, 0x0000000710500000| Untracked 
| 186|0x0000000710600000, 0x0000000710600000, 0x0000000710700000|  0%| F|  |TAMS 0x0000000710600000, 0x0000000710600000| Untracked 
| 187|0x0000000710700000, 0x0000000710700000, 0x0000000710800000|  0%| F|  |TAMS 0x0000000710700000, 0x0000000710700000| Untracked 
| 188|0x0000000710800000, 0x0000000710800000, 0x0000000710900000|  0%| F|  |TAMS 0x0000000710800000, 0x0000000710800000| Untracked 
| 189|0x0000000710900000, 0x0000000710900000, 0x0000000710a00000|  0%| F|  |TAMS 0x0000000710900000, 0x0000000710900000| Untracked 
| 190|0x0000000710a00000, 0x0000000710a00000, 0x0000000710b00000|  0%| F|  |TAMS 0x0000000710a00000, 0x0000000710a00000| Untracked 
| 191|0x0000000710b00000, 0x0000000710b00000, 0x0000000710c00000|  0%| F|  |TAMS 0x0000000710b00000, 0x0000000710b00000| Untracked 
| 192|0x0000000710c00000, 0x0000000710c00000, 0x0000000710d00000|  0%| F|  |TAMS 0x0000000710c00000, 0x0000000710c00000| Untracked 
| 193|0x0000000710d00000, 0x0000000710d00000, 0x0000000710e00000|  0%| F|  |TAMS 0x0000000710d00000, 0x0000000710d00000| Untracked 
| 194|0x0000000710e00000, 0x0000000710e00000, 0x0000000710f00000|  0%| F|  |TAMS 0x0000000710e00000, 0x0000000710e00000| Untracked 
| 195|0x0000000710f00000, 0x0000000710f00000, 0x0000000711000000|  0%| F|  |TAMS 0x0000000710f00000, 0x0000000710f00000| Untracked 
| 196|0x0000000711000000, 0x0000000711000000, 0x0000000711100000|  0%| F|  |TAMS 0x0000000711000000, 0x0000000711000000| Untracked 
| 197|0x0000000711100000, 0x0000000711100000, 0x0000000711200000|  0%| F|  |TAMS 0x0000000711100000, 0x0000000711100000| Untracked 
| 198|0x0000000711200000, 0x0000000711200000, 0x0000000711300000|  0%| F|  |TAMS 0x0000000711200000, 0x0000000711200000| Untracked 
| 199|0x0000000711300000, 0x0000000711300000, 0x0000000711400000|  0%| F|  |TAMS 0x0000000711300000, 0x0000000711300000| Untracked 
| 200|0x0000000711400000, 0x0000000711400000, 0x0000000711500000|  0%| F|  |TAMS 0x0000000711400000, 0x0000000711400000| Untracked 
| 201|0x0000000711500000, 0x0000000711500000, 0x0000000711600000|  0%| F|  |TAMS 0x0000000711500000, 0x0000000711500000| Untracked 
| 202|0x0000000711600000, 0x0000000711600000, 0x0000000711700000|  0%| F|  |TAMS 0x0000000711600000, 0x0000000711600000| Untracked 
| 203|0x0000000711700000, 0x0000000711700000, 0x0000000711800000|  0%| F|  |TAMS 0x0000000711700000, 0x0000000711700000| Untracked 
| 204|0x0000000711800000, 0x0000000711800000, 0x0000000711900000|  0%| F|  |TAMS 0x0000000711800000, 0x0000000711800000| Untracked 
| 205|0x0000000711900000, 0x0000000711900000, 0x0000000711a00000|  0%| F|  |TAMS 0x0000000711900000, 0x0000000711900000| Untracked 
| 206|0x0000000711a00000, 0x0000000711a00000, 0x0000000711b00000|  0%| F|  |TAMS 0x0000000711a00000, 0x0000000711a00000| Untracked 
| 207|0x0000000711b00000, 0x0000000711b00000, 0x0000000711c00000|  0%| F|  |TAMS 0x0000000711b00000, 0x0000000711b00000| Untracked 
| 208|0x0000000711c00000, 0x0000000711c00000, 0x0000000711d00000|  0%| F|  |TAMS 0x0000000711c00000, 0x0000000711c00000| Untracked 
| 209|0x0000000711d00000, 0x0000000711d00000, 0x0000000711e00000|  0%| F|  |TAMS 0x0000000711d00000, 0x0000000711d00000| Untracked 
| 210|0x0000000711e00000, 0x0000000711e00000, 0x0000000711f00000|  0%| F|  |TAMS 0x0000000711e00000, 0x0000000711e00000| Untracked 
| 211|0x0000000711f00000, 0x0000000711f00000, 0x0000000712000000|  0%| F|  |TAMS 0x0000000711f00000, 0x0000000711f00000| Untracked 
| 212|0x0000000712000000, 0x0000000712000000, 0x0000000712100000|  0%| F|  |TAMS 0x0000000712000000, 0x0000000712000000| Untracked 
| 213|0x0000000712100000, 0x0000000712100000, 0x0000000712200000|  0%| F|  |TAMS 0x0000000712100000, 0x0000000712100000| Untracked 
| 214|0x0000000712200000, 0x0000000712200000, 0x0000000712300000|  0%| F|  |TAMS 0x0000000712200000, 0x0000000712200000| Untracked 
| 215|0x0000000712300000, 0x0000000712300000, 0x0000000712400000|  0%| F|  |TAMS 0x0000000712300000, 0x0000000712300000| Untracked 
| 216|0x0000000712400000, 0x0000000712400000, 0x0000000712500000|  0%| F|  |TAMS 0x0000000712400000, 0x0000000712400000| Untracked 
| 217|0x0000000712500000, 0x0000000712500000, 0x0000000712600000|  0%| F|  |TAMS 0x0000000712500000, 0x0000000712500000| Untracked 
| 218|0x0000000712600000, 0x0000000712600000, 0x0000000712700000|  0%| F|  |TAMS 0x0000000712600000, 0x0000000712600000| Untracked 
| 219|0x0000000712700000, 0x0000000712700000, 0x0000000712800000|  0%| F|  |TAMS 0x0000000712700000, 0x0000000712700000| Untracked 
| 220|0x0000000712800000, 0x0000000712800000, 0x0000000712900000|  0%| F|  |TAMS 0x0000000712800000, 0x0000000712800000| Untracked 
| 221|0x0000000712900000, 0x0000000712900000, 0x0000000712a00000|  0%| F|  |TAMS 0x0000000712900000, 0x0000000712900000| Untracked 
| 222|0x0000000712a00000, 0x0000000712a00000, 0x0000000712b00000|  0%| F|  |TAMS 0x0000000712a00000, 0x0000000712a00000| Untracked 
| 223|0x0000000712b00000, 0x0000000712b00000, 0x0000000712c00000|  0%| F|  |TAMS 0x0000000712b00000, 0x0000000712b00000| Untracked 
| 224|0x0000000712c00000, 0x0000000712c00000, 0x0000000712d00000|  0%| F|  |TAMS 0x0000000712c00000, 0x0000000712c00000| Untracked 
| 225|0x0000000712d00000, 0x0000000712d00000, 0x0000000712e00000|  0%| F|  |TAMS 0x0000000712d00000, 0x0000000712d00000| Untracked 
| 226|0x0000000712e00000, 0x0000000712e00000, 0x0000000712f00000|  0%| F|  |TAMS 0x0000000712e00000, 0x0000000712e00000| Untracked 
| 227|0x0000000712f00000, 0x0000000712f00000, 0x0000000713000000|  0%| F|  |TAMS 0x0000000712f00000, 0x0000000712f00000| Untracked 
| 228|0x0000000713000000, 0x0000000713000000, 0x0000000713100000|  0%| F|  |TAMS 0x0000000713000000, 0x0000000713000000| Untracked 
| 229|0x0000000713100000, 0x0000000713100000, 0x0000000713200000|  0%| F|  |TAMS 0x0000000713100000, 0x0000000713100000| Untracked 
| 230|0x0000000713200000, 0x0000000713200000, 0x0000000713300000|  0%| F|  |TAMS 0x0000000713200000, 0x0000000713200000| Untracked 
| 231|0x0000000713300000, 0x0000000713300000, 0x0000000713400000|  0%| F|  |TAMS 0x0000000713300000, 0x0000000713300000| Untracked 
| 232|0x0000000713400000, 0x0000000713400000, 0x0000000713500000|  0%| F|  |TAMS 0x0000000713400000, 0x0000000713400000| Untracked 
| 233|0x0000000713500000, 0x0000000713500000, 0x0000000713600000|  0%| F|  |TAMS 0x0000000713500000, 0x0000000713500000| Untracked 
| 234|0x0000000713600000, 0x0000000713600000, 0x0000000713700000|  0%| F|  |TAMS 0x0000000713600000, 0x0000000713600000| Untracked 
| 235|0x0000000713700000, 0x0000000713700000, 0x0000000713800000|  0%| F|  |TAMS 0x0000000713700000, 0x0000000713700000| Untracked 
| 236|0x0000000713800000, 0x0000000713800000, 0x0000000713900000|  0%| F|  |TAMS 0x0000000713800000, 0x0000000713800000| Untracked 
| 237|0x0000000713900000, 0x0000000713900000, 0x0000000713a00000|  0%| F|  |TAMS 0x0000000713900000, 0x0000000713900000| Untracked 
| 238|0x0000000713a00000, 0x0000000713a00000, 0x0000000713b00000|  0%| F|  |TAMS 0x0000000713a00000, 0x0000000713a00000| Untracked 
| 239|0x0000000713b00000, 0x0000000713b331f8, 0x0000000713c00000| 19%| S|CS|TAMS 0x0000000713b00000, 0x0000000713b00000| Complete 
| 240|0x0000000713c00000, 0x0000000713d00000, 0x0000000713d00000|100%| S|CS|TAMS 0x0000000713c00000, 0x0000000713c00000| Complete 
| 241|0x0000000713d00000, 0x0000000713d00000, 0x0000000713e00000|  0%| F|  |TAMS 0x0000000713d00000, 0x0000000713d00000| Untracked 
| 242|0x0000000713e00000, 0x0000000713e00000, 0x0000000713f00000|  0%| F|  |TAMS 0x0000000713e00000, 0x0000000713e00000| Untracked 
| 243|0x0000000713f00000, 0x0000000713f00000, 0x0000000714000000|  0%| F|  |TAMS 0x0000000713f00000, 0x0000000713f00000| Untracked 
| 244|0x0000000714000000, 0x0000000714000000, 0x0000000714100000|  0%| F|  |TAMS 0x0000000714000000, 0x0000000714000000| Untracked 
| 245|0x0000000714100000, 0x0000000714100000, 0x0000000714200000|  0%| F|  |TAMS 0x0000000714100000, 0x0000000714100000| Untracked 
| 246|0x0000000714200000, 0x0000000714200000, 0x0000000714300000|  0%| F|  |TAMS 0x0000000714200000, 0x0000000714200000| Untracked 
| 247|0x0000000714300000, 0x00000007143ea6b0, 0x0000000714400000| 91%| E|  |TAMS 0x0000000714300000, 0x0000000714300000| Complete 
| 248|0x0000000714400000, 0x0000000714500000, 0x0000000714500000|100%| E|CS|TAMS 0x0000000714400000, 0x0000000714400000| Complete 
| 249|0x0000000714500000, 0x0000000714600000, 0x0000000714600000|100%| E|CS|TAMS 0x0000000714500000, 0x0000000714500000| Complete 
| 250|0x0000000714600000, 0x0000000714700000, 0x0000000714700000|100%| E|CS|TAMS 0x0000000714600000, 0x0000000714600000| Complete 
| 251|0x0000000714700000, 0x0000000714800000, 0x0000000714800000|100%| E|CS|TAMS 0x0000000714700000, 0x0000000714700000| Complete 

Card table byte_map: [0x0000024c74580000,0x0000024c74d60000] _byte_map_base: 0x0000024c70d5a000

Marking Bits (Prev, Next): (CMBitMap*) 0x0000024c5d1a4738, (CMBitMap*) 0x0000024c5d1a4770
 Prev Bits: [0x0000024c75540000, 0x0000024c79410000)
 Next Bits: [0x0000024c79410000, 0x0000024c7d2e0000)

Polling page: 0x0000024c5b8f0000

Metaspace:

Usage:
  Non-class:     15.93 MB capacity,    15.61 MB ( 98%) used,   280.06 KB (  2%) free+waste,    47.75 KB ( <1%) overhead. 
      Class:      2.11 MB capacity,     1.90 MB ( 90%) used,   187.89 KB (  9%) free+waste,    24.81 KB (  1%) overhead. 
       Both:     18.04 MB capacity,    17.51 MB ( 97%) used,   467.95 KB (  3%) free+waste,    72.56 KB ( <1%) overhead. 

Virtual space:
  Non-class space:       16.00 MB reserved,      16.00 MB (100%) committed 
      Class space:        1.00 GB reserved,       2.13 MB ( <1%) committed 
             Both:        1.02 GB reserved,      18.13 MB (  2%) committed 

Chunk freelists:
   Non-Class:  896 bytes
       Class:  0 bytes
        Both:  896 bytes

CodeHeap 'non-profiled nmethods': size=120064Kb used=444Kb max_used=444Kb free=119619Kb
 bounds [0x0000024c6c240000, 0x0000024c6c4b0000, 0x0000024c73780000]
CodeHeap 'profiled nmethods': size=120000Kb used=2946Kb max_used=2946Kb free=117053Kb
 bounds [0x0000024c64d10000, 0x0000024c65000000, 0x0000024c6c240000]
CodeHeap 'non-nmethods': size=5696Kb used=1152Kb max_used=1164Kb free=4543Kb
 bounds [0x0000024c64780000, 0x0000024c649f0000, 0x0000024c64d10000]
 total_blobs=1992 nmethods=1533 adapters=370
 compilation: enabled
              stopped_count=0, restarted_count=0
 full_count=0

Compilation events (10 events):
Event: 7.875 Thread 0x0000024c7fad9000 nmethod 1528 0x0000024c64fef490 code [0x0000024c64fef640, 0x0000024c64fef788]
Event: 7.875 Thread 0x0000024c7fad9000 1529       3       java.lang.AbstractStringBuilder::append (43 bytes)
Event: 7.876 Thread 0x0000024c7fad9000 nmethod 1529 0x0000024c64fef810 code [0x0000024c64fef9e0, 0x0000024c64fefcb8]
Event: 7.876 Thread 0x0000024c7fad9000 1530       3       com.google.common.collect.ImmutableEntry::<init> (15 bytes)
Event: 7.876 Thread 0x0000024c7fad9000 nmethod 1530 0x0000024c64fefe10 code [0x0000024c64feffc0, 0x0000024c64ff0238]
Event: 7.876 Thread 0x0000024c7fad9000 1531       1       com.google.common.collect.ImmutableEntry::getValue (5 bytes)
Event: 7.876 Thread 0x0000024c7fad9000 nmethod 1531 0x0000024c6c2aec90 code [0x0000024c6c2aee20, 0x0000024c6c2aeed8]
Event: 7.876 Thread 0x0000024c7fad9000 1532       3       java.util.ArrayDeque::removeFirst (19 bytes)
Event: 7.877 Thread 0x0000024c7fad9000 nmethod 1532 0x0000024c64ff0310 code [0x0000024c64ff04c0, 0x0000024c64ff0798]
Event: 7.877 Thread 0x0000024c7fad9000 1533       3       org.openqa.selenium.json.JsonInput::readString (129 bytes)

GC Heap History (4 events):
Event: 1.296 GC heap before
{Heap before GC invocations=0 (full 0):
 garbage-first heap   total 258048K, used 15360K [0x0000000704c00000, 0x0000000800000000)
  region size 1024K, 14 young (14336K), 0 survivors (0K)
 Metaspace       used 12581K, capacity 12823K, committed 12928K, reserved 1060864K
  class space    used 1257K, capacity 1335K, committed 1408K, reserved 1048576K
}
Event: 1.304 GC heap after
{Heap after GC invocations=1 (full 0):
 garbage-first heap   total 258048K, used 4048K [0x0000000704c00000, 0x0000000800000000)
  region size 1024K, 2 young (2048K), 2 survivors (2048K)
 Metaspace       used 12581K, capacity 12823K, committed 12928K, reserved 1060864K
  class space    used 1257K, capacity 1335K, committed 1408K, reserved 1048576K
}
Event: 2.365 GC heap before
{Heap before GC invocations=1 (full 0):
 garbage-first heap   total 258048K, used 15312K [0x0000000704c00000, 0x0000000800000000)
  region size 1024K, 13 young (13312K), 2 survivors (2048K)
 Metaspace       used 16384K, capacity 16860K, committed 17152K, reserved 1064960K
  class space    used 1765K, capacity 1937K, committed 2048K, reserved 1048576K
}
Event: 2.370 GC heap after
{Heap after GC invocations=2 (full 0):
 garbage-first heap   total 258048K, used 5302K [0x0000000704c00000, 0x0000000800000000)
  region size 1024K, 2 young (2048K), 2 survivors (2048K)
 Metaspace       used 16384K, capacity 16860K, committed 17152K, reserved 1064960K
  class space    used 1765K, capacity 1937K, committed 2048K, reserved 1048576K
}

Deoptimization events (10 events):
Event: 1.305 Thread 0x0000024c5d144800 Uncommon trap: reason=unstable_if action=reinterpret pc=0x0000024c6c2722a8 method=java.io.ByteArrayInputStream.read([BII)I @ 35 c2
Event: 1.309 Thread 0x0000024c5d144800 Uncommon trap: reason=unstable_if action=reinterpret pc=0x0000024c6c260388 method=java.lang.StringUTF16.compress([CI[BII)I @ 20 c2
Event: 1.425 Thread 0x0000024c00e6a000 Uncommon trap: reason=unstable_if action=reinterpret pc=0x0000024c6c264ac8 method=java.lang.CharacterDataLatin1.digit(II)I @ 12 c2
Event: 1.943 Thread 0x0000024c00e6a000 Uncommon trap: reason=unstable_if action=reinterpret pc=0x0000024c6c264144 method=java.lang.CharacterDataLatin1.digit(II)I @ 12 c2
Event: 3.829 Thread 0x0000024c5d144800 Uncommon trap: reason=class_check action=maybe_recompile pc=0x0000024c6c29be48 method=org.openqa.selenium.json.Input.init()V @ 18 c2
Event: 3.829 Thread 0x0000024c5d144800 Uncommon trap: reason=class_check action=maybe_recompile pc=0x0000024c6c29be48 method=org.openqa.selenium.json.Input.init()V @ 18 c2
Event: 3.830 Thread 0x0000024c5d144800 Uncommon trap: reason=class_check action=maybe_recompile pc=0x0000024c6c29be48 method=org.openqa.selenium.json.Input.init()V @ 18 c2
Event: 3.830 Thread 0x0000024c5d144800 Uncommon trap: reason=class_check action=maybe_recompile pc=0x0000024c6c29be48 method=org.openqa.selenium.json.Input.init()V @ 18 c2
Event: 3.860 Thread 0x0000024c5d144800 Uncommon trap: reason=class_check action=maybe_recompile pc=0x0000024c6c27b56c method=java.util.HashMap.putVal(ILjava/lang/Object;Ljava/lang/Object;ZZ)Ljava/lang/Object; @ 253 c2
Event: 3.875 Thread 0x0000024c5d144800 Uncommon trap: reason=unstable_if action=reinterpret pc=0x0000024c6c29ee0c method=java.util.concurrent.ConcurrentHashMap.putVal(Ljava/lang/Object;Ljava/lang/Object;Z)Ljava/lang/Object; @ 256 c2

Classes redefined (0 events):
No events

Internal exceptions (10 events):
Event: 2.033 Thread 0x0000024c5d144800 Exception <a 'java/lang/NoSuchMethodError'{0x000000071430e450}: java.lang.invoke.DirectMethodHandle$Holder.invokeVirtual(Ljava/lang/Object;Ljava/lang/Object;)F> (0x000000071430e450) thrown at [./open/src/hotspot/share/interpreter/linkResolver.cpp, line 77
Event: 2.035 Thread 0x0000024c5d144800 Exception <a 'java/lang/NoSuchMethodError'{0x00000007143166e0}: java.lang.invoke.DirectMethodHandle$Holder.invokeVirtual(Ljava/lang/Object;Ljava/lang/Object;)J> (0x00000007143166e0) thrown at [./open/src/hotspot/share/interpreter/linkResolver.cpp, line 77
Event: 2.208 Thread 0x0000024c5d144800 Exception <a 'java/lang/NoSuchMethodError'{0x0000000714054e90}: java.lang.invoke.DirectMethodHandle$Holder.invokeStatic(Ljava/lang/Object;Ljava/lang/Object;Ljava/lang/Object;Ljava/lang/Object;Ljava/lang/Object;)V> (0x0000000714054e90) thrown at [./open/sr
Event: 2.345 Thread 0x0000024c5d144800 Exception <a 'java/lang/NoSuchMethodError'{0x0000000713db4820}: java.lang.invoke.DirectMethodHandle$Holder.invokeStatic(Ljava/lang/Object;Ljava/lang/Object;Ljava/lang/Object;Ljava/lang/Object;)V> (0x0000000713db4820) thrown at [./open/src/hotspot/share/in
Event: 3.845 Thread 0x0000024c5d144800 Exception <a 'java/lang/NoSuchMethodError'{0x000000071462e370}: java.lang.invoke.DirectMethodHandle$Holder.invokeSpecialIFC(Ljava/lang/Object;Ljava/lang/Object;Ljava/lang/Object;)Ljava/lang/Object;> (0x000000071462e370) thrown at [./open/src/hotspot/share
Event: 3.960 Thread 0x0000024c5d144800 Exception <a 'java/lang/ClassNotFoundException'{0x000000071451e490}: sun/util/logging/resources/spi/loggingProvider> (0x000000071451e490) thrown at [./open/src/hotspot/share/classfile/systemDictionary.cpp, line 227]
Event: 4.032 Thread 0x0000024c5d144800 Exception <a 'java/net/SocketTimeoutException'{0x000000071440bc90}: Read timed out> (0x000000071440bc90) thrown at [./open/src/hotspot/share/prims/jni.cpp, line 632]
Event: 4.231 Thread 0x0000024c5d144800 Exception <a 'java/net/SocketTimeoutException'{0x00000007144223b0}: Read timed out> (0x00000007144223b0) thrown at [./open/src/hotspot/share/prims/jni.cpp, line 632]
Event: 4.415 Thread 0x0000024c5d144800 Exception <a 'java/net/SocketTimeoutException'{0x000000071444cdd0}: Read timed out> (0x000000071444cdd0) thrown at [./open/src/hotspot/share/prims/jni.cpp, line 632]
Event: 4.461 Thread 0x0000024c5d144800 Exception <a 'java/net/SocketTimeoutException'{0x0000000714465130}: Read timed out> (0x0000000714465130) thrown at [./open/src/hotspot/share/prims/jni.cpp, line 632]

Events (10 events):
Event: 6.958 Executing VM operation: RevokeBias done
Event: 6.959 Executing VM operation: RevokeBias
Event: 6.959 Executing VM operation: RevokeBias done
Event: 6.959 Executing VM operation: RevokeBias
Event: 6.959 Executing VM operation: RevokeBias done
Event: 6.959 Thread 0x0000024c00e18800 Thread exited: 0x0000024c00e18800
Event: 7.877 loading class org/openqa/selenium/remote/ErrorCodes$KnownError
Event: 7.877 loading class org/openqa/selenium/remote/ErrorCodes$KnownError done
Event: 7.877 loading class org/openqa/selenium/remote/ErrorCodes$KnownError
Event: 7.877 loading class org/openqa/selenium/remote/ErrorCodes$KnownError done


Dynamic libraries:
0x00007ff640470000 - 0x00007ff64047f000 	C:\Program Files\Java\jdk-11.0.13\bin\javaw.exe
0x00007ffc83e70000 - 0x00007ffc84065000 	C:\Windows\SYSTEM32\ntdll.dll
0x00007ffc83250000 - 0x00007ffc8330e000 	C:\Windows\System32\KERNEL32.DLL
0x00007ffc815e0000 - 0x00007ffc818a8000 	C:\Windows\System32\KERNELBASE.dll
0x00007ffc81a90000 - 0x00007ffc81b90000 	C:\Windows\System32\ucrtbase.dll
0x00007ffc71e40000 - 0x00007ffc71e58000 	C:\Program Files\Java\jdk-11.0.13\bin\jli.dll
0x00007ffc82110000 - 0x00007ffc821be000 	C:\Windows\System32\ADVAPI32.dll
0x00007ffc83310000 - 0x00007ffc833ae000 	C:\Windows\System32\msvcrt.dll
0x00007ffc833b0000 - 0x00007ffc8344c000 	C:\Windows\System32\sechost.dll
0x00007ffc83bd0000 - 0x00007ffc83cf5000 	C:\Windows\System32\RPCRT4.dll
0x00007ffc82680000 - 0x00007ffc82820000 	C:\Windows\System32\USER32.dll
0x00007ffc81e00000 - 0x00007ffc81e22000 	C:\Windows\System32\win32u.dll
0x00007ffc83450000 - 0x00007ffc8347b000 	C:\Windows\System32\GDI32.dll
0x00007ffc81b90000 - 0x00007ffc81c9b000 	C:\Windows\System32\gdi32full.dll
0x00007ffc81e30000 - 0x00007ffc81ecd000 	C:\Windows\System32\msvcp_win.dll
0x00007ffc6fee0000 - 0x00007ffc6fef5000 	C:\Program Files\Java\jdk-11.0.13\bin\VCRUNTIME140.dll
0x00007ffc66d00000 - 0x00007ffc66f9a000 	C:\Windows\WinSxS\amd64_microsoft.windows.common-controls_6595b64144ccf1df_6.0.19041.1110_none_60b5254171f9507e\COMCTL32.dll
0x00007ffc7bc30000 - 0x00007ffc7bc3a000 	C:\Windows\SYSTEM32\VERSION.dll
0x00007ffc830d0000 - 0x00007ffc83100000 	C:\Windows\System32\IMM32.DLL
0x00007ffc5f390000 - 0x00007ffc5f42b000 	C:\Program Files\Java\jdk-11.0.13\bin\msvcp140.dll
0x00007ffc4e780000 - 0x00007ffc4f293000 	C:\Program Files\Java\jdk-11.0.13\bin\server\jvm.dll
0x00007ffc82c20000 - 0x00007ffc82c28000 	C:\Windows\System32\PSAPI.DLL
0x00007ffc6fa30000 - 0x00007ffc6fa39000 	C:\Windows\SYSTEM32\WSOCK32.dll
0x00007ffc83100000 - 0x00007ffc8316b000 	C:\Windows\System32\WS2_32.dll
0x00007ffc6bd10000 - 0x00007ffc6bd37000 	C:\Windows\SYSTEM32\WINMM.dll
0x00007ffc7f4a0000 - 0x00007ffc7f4b2000 	C:\Windows\SYSTEM32\kernel.appcore.dll
0x00007ffc7ed90000 - 0x00007ffc7eda0000 	C:\Program Files\Java\jdk-11.0.13\bin\verify.dll
0x00007ffc77350000 - 0x00007ffc77534000 	C:\Windows\SYSTEM32\DBGHELP.DLL
0x00007ffc6a280000 - 0x00007ffc6a2ac000 	C:\Windows\SYSTEM32\dbgcore.DLL
0x00007ffc819d0000 - 0x00007ffc81a52000 	C:\Windows\System32\bcryptPrimitives.dll
0x00007ffc6bc80000 - 0x00007ffc6bca8000 	C:\Program Files\Java\jdk-11.0.13\bin\java.dll
0x00007ffc7b260000 - 0x00007ffc7b26a000 	C:\Program Files\Java\jdk-11.0.13\bin\jimage.dll
0x00007ffc6bc60000 - 0x00007ffc6bc76000 	C:\Program Files\Java\jdk-11.0.13\bin\zip.dll
0x00007ffc83480000 - 0x00007ffc83bc4000 	C:\Windows\System32\SHELL32.dll
0x00007ffc7f6a0000 - 0x00007ffc7fe34000 	C:\Windows\SYSTEM32\windows.storage.dll
0x00007ffc828c0000 - 0x00007ffc82c14000 	C:\Windows\System32\combase.dll
0x00007ffc80f20000 - 0x00007ffc80f4c000 	C:\Windows\SYSTEM32\Wldp.dll
0x00007ffc824b0000 - 0x00007ffc8255d000 	C:\Windows\System32\SHCORE.dll
0x00007ffc82370000 - 0x00007ffc823c5000 	C:\Windows\System32\shlwapi.dll
0x00007ffc814d0000 - 0x00007ffc814ef000 	C:\Windows\SYSTEM32\profapi.dll
0x00007ffc66a00000 - 0x00007ffc66a19000 	C:\Program Files\Java\jdk-11.0.13\bin\net.dll
0x00007ffc72f10000 - 0x00007ffc73019000 	C:\Windows\SYSTEM32\WINHTTP.dll
0x00007ffc80c80000 - 0x00007ffc80cea000 	C:\Windows\system32\mswsock.dll
0x00007ffc65dc0000 - 0x00007ffc65dd2000 	C:\Program Files\Java\jdk-11.0.13\bin\nio.dll
0x00007ffc809b0000 - 0x00007ffc80a7a000 	C:\Windows\SYSTEM32\DNSAPI.dll
0x00007ffc80970000 - 0x00007ffc809ab000 	C:\Windows\SYSTEM32\IPHLPAPI.DLL
0x00007ffc82c50000 - 0x00007ffc82c58000 	C:\Windows\System32\NSI.dll
0x00007ffc734a0000 - 0x00007ffc734aa000 	C:\Windows\System32\rasadhlp.dll
0x00007ffc72e90000 - 0x00007ffc72f0f000 	C:\Windows\System32\fwpuclnt.dll
0x00007ffc81a60000 - 0x00007ffc81a87000 	C:\Windows\System32\bcrypt.dll
0x00007ffc642c0000 - 0x00007ffc642e5000 	C:\Program Files\Java\jdk-11.0.13\bin\sunec.dll
0x00007ffc7ac20000 - 0x00007ffc7ac2d000 	C:\Program Files\Java\jdk-11.0.13\bin\sunmscapi.dll
0x00007ffc81ca0000 - 0x00007ffc81df6000 	C:\Windows\System32\CRYPT32.dll
0x00007ffc80f90000 - 0x00007ffc80fb7000 	C:\Windows\SYSTEM32\ncrypt.dll
0x00007ffc80f50000 - 0x00007ffc80f8b000 	C:\Windows\SYSTEM32\NTASN1.dll
0x00007ffc80e70000 - 0x00007ffc80e88000 	C:\Windows\SYSTEM32\CRYPTSP.dll
0x00007ffc80600000 - 0x00007ffc80634000 	C:\Windows\system32\rsaenh.dll
0x00007ffc81450000 - 0x00007ffc8147e000 	C:\Windows\SYSTEM32\USERENV.dll
0x00007ffc80e90000 - 0x00007ffc80e9c000 	C:\Windows\SYSTEM32\CRYPTBASE.dll
0x00007ffc77020000 - 0x00007ffc77037000 	C:\Windows\SYSTEM32\dhcpcsvc6.DLL
0x00007ffc79000000 - 0x00007ffc7901d000 	C:\Windows\SYSTEM32\dhcpcsvc.DLL
0x00007ffc59810000 - 0x00007ffc59827000 	C:\Windows\system32\napinsp.dll
0x00007ffc597f0000 - 0x00007ffc5980b000 	C:\Windows\system32\pnrpnsp.dll
0x00007ffc5df20000 - 0x00007ffc5df35000 	C:\Windows\system32\wshbth.dll
0x00007ffc7e130000 - 0x00007ffc7e14d000 	C:\Windows\system32\NLAapi.dll
0x00007ffc597d0000 - 0x00007ffc597e2000 	C:\Windows\System32\winrnr.dll

dbghelp: loaded successfully - version: 4.0.5 - missing functions: none
symbol engine: initialized successfully - sym options: 0x614 - pdb path: .;C:\Program Files\Java\jdk-11.0.13\bin;C:\Windows\SYSTEM32;C:\Windows\WinSxS\amd64_microsoft.windows.common-controls_6595b64144ccf1df_6.0.19041.1110_none_60b5254171f9507e;C:\Program Files\Java\jdk-11.0.13\bin\server

VM Arguments:
jvm_args: -Dfile.encoding=Cp1252 
java_command: SwitchTo.ToCloseAllTheBrowsersInAlphabeticalOrder
java_class_path (initial): C:\Users\Renuka Prasad\eclipse-workspace\Training\bin;C:\Users\Renuka Prasad\eclipse-workspace\Training\Jars\selenium-server-standalone-3.141.5.jar
Launcher Type: SUN_STANDARD

[Global flags]
     intx CICompilerCount                          = 3                                         {product} {ergonomic}
     uint ConcGCThreads                            = 1                                         {product} {ergonomic}
     uint G1ConcRefinementThreads                  = 4                                         {product} {ergonomic}
   size_t G1HeapRegionSize                         = 1048576                                   {product} {ergonomic}
    uintx GCDrainStackTargetSize                   = 64                                        {product} {ergonomic}
   size_t InitialHeapSize                          = 264241152                                 {product} {ergonomic}
   size_t MarkStackSize                            = 4194304                                   {product} {ergonomic}
   size_t MaxHeapSize                              = 4215275520                                {product} {ergonomic}
   size_t MaxNewSize                               = 2529165312                                {product} {ergonomic}
   size_t MinHeapDeltaBytes                        = 1048576                                   {product} {ergonomic}
    uintx NonNMethodCodeHeapSize                   = 5830732                                {pd product} {ergonomic}
    uintx NonProfiledCodeHeapSize                  = 122913754                              {pd product} {ergonomic}
    uintx ProfiledCodeHeapSize                     = 122913754                              {pd product} {ergonomic}
    uintx ReservedCodeCacheSize                    = 251658240                              {pd product} {ergonomic}
     bool SegmentedCodeCache                       = true                                      {product} {ergonomic}
     bool UseCompressedClassPointers               = true                                 {lp64_product} {ergonomic}
     bool UseCompressedOops                        = true                                 {lp64_product} {ergonomic}
     bool UseG1GC                                  = true                                      {product} {ergonomic}
     bool UseLargePagesIndividualAllocation        = false                                  {pd product} {ergonomic}

Logging:
Log output configuration:
 #0: stdout all=warning uptime,level,tags
 #1: stderr all=off uptime,level,tags

Environment Variables:
PATH=C:/Users/Renuka Prasad/Downloads/eclipse-jee-2020-12-R-win32-x86_64/eclipse//plugins/org.eclipse.justj.openjdk.hotspot.jre.full.win32.x86_64_15.0.1.v20201027-0507/jre/bin/server;C:/Users/Renuka Prasad/Downloads/eclipse-jee-2020-12-R-win32-x86_64/eclipse//plugins/org.eclipse.justj.openjdk.hotspot.jre.full.win32.x86_64_15.0.1.v20201027-0507/jre/bin;E:\oracle\product\10.2.0\db_1\bin;C:\Windows\system32;C:\Windows;C:\Windows\System32\Wbem;C:\Windows\System32\WindowsPowerShell\v1.0\;C:\Windows\System32\OpenSSH\;C:\Program Files\nodejs\;C:\Windows\System32\cmd.exe;C:\Program Files\Java\jdk-11.0.13\bin;C:\Users\Renuka Prasad\AppData\Local\Microsoft\WindowsApps;;C:\Users\Renuka Prasad\AppData\Local\Programs\Microsoft VS Code\bin;C:\Users\Renuka Prasad\AppData\Roaming\npm;C:\Users\Renuka Prasad\Downloads\eclipse-jee-2020-12-R-win32-x86_64\eclipse;
USERNAME=Renuka Prasad
OS=Windows_NT
PROCESSOR_IDENTIFIER=Intel64 Family 6 Model 126 Stepping 5, GenuineIntel



---------------  S Y S T E M  ---------------

OS: Windows 10 , 64 bit Build 19041 (10.0.19041.1566)

CPU:total 4 (initial active 4) (2 cores per cpu, 2 threads per core) family 6 model 126 stepping 5 microcode 0xa0, cmov, cx8, fxsr, mmx, sse, sse2, sse3, ssse3, sse4.1, sse4.2, popcnt, avx, avx2, aes, clmul, erms, 3dnowpref, lzcnt, ht, tsc, tscinvbit, bmi1, bmi2, adx, evex, sha, fma

Memory: 4k page, system-wide physical 16073M (4640M free)
TotalPageFile size 35120M (AvailPageFile size 8M)
current process WorkingSet (physical memory assigned to process): 80M, peak: 85M
current process commit charge ("private bytes"): 344M, peak: 349M

vm_info: Java HotSpot(TM) 64-Bit Server VM (11.0.13+10-LTS-370) for windows-amd64 JRE (11.0.13+10-LTS-370), built on Sep 15 2021 22:10:36 by "mach5one" with MS VC++ 15.9 (VS2017)

END.
